Unity Editor version:    2022.3.55f1 (9f374180d209)
Branch:                  2022.3/staging
Build type:              Release
Batch mode:              YES
macOS version:           Version 14.2.1 (Build 23C71)
Darwin version:          23.2.0
Architecture:            arm64
Running under Rosetta:   NO
Available memory:        16384 MB
Using pre-set license
Pro License: YES

COMMAND LINE ARGUMENTS:
/Applications/Unity/Hub/Editor/2022.3.55f1/Unity.app/Contents/MacOS/Unity
-adb2
-batchMode
-noUpm
-name
AssetImportWorker1
-projectPath
/Users/alxxvine/Documents/GitHub/PJSH1T/PJSH1T
-logFile
Logs/AssetImportWorker1.log
-srvPort
53344
Successfully changed project path to: /Users/alxxvine/Documents/GitHub/PJSH1T/PJSH1T
/Users/alxxvine/Documents/GitHub/PJSH1T/PJSH1T
[UnityMemory] Configuration Parameters - Can be set up in boot.config
    "memorysetup-bucket-allocator-granularity=16"
    "memorysetup-bucket-allocator-bucket-count=8"
    "memorysetup-bucket-allocator-block-size=33554432"
    "memorysetup-bucket-allocator-block-count=8"
    "memorysetup-main-allocator-block-size=16777216"
    "memorysetup-thread-allocator-block-size=16777216"
    "memorysetup-gfx-main-allocator-block-size=16777216"
    "memorysetup-gfx-thread-allocator-block-size=16777216"
    "memorysetup-cache-allocator-block-size=4194304"
    "memorysetup-typetree-allocator-block-size=2097152"
    "memorysetup-profiler-bucket-allocator-granularity=16"
    "memorysetup-profiler-bucket-allocator-bucket-count=8"
    "memorysetup-profiler-bucket-allocator-block-size=33554432"
    "memorysetup-profiler-bucket-allocator-block-count=8"
    "memorysetup-profiler-allocator-block-size=16777216"
    "memorysetup-profiler-editor-allocator-block-size=1048576"
    "memorysetup-temp-allocator-size-main=16777216"
    "memorysetup-job-temp-allocator-block-size=2097152"
    "memorysetup-job-temp-allocator-block-size-background=1048576"
    "memorysetup-job-temp-allocator-reduction-small-platforms=262144"
    "memorysetup-allocator-temp-initial-block-size-main=262144"
    "memorysetup-allocator-temp-initial-block-size-worker=262144"
    "memorysetup-temp-allocator-size-background-worker=32768"
    "memorysetup-temp-allocator-size-job-worker=262144"
    "memorysetup-temp-allocator-size-preload-manager=33554432"
    "memorysetup-temp-allocator-size-nav-mesh-worker=65536"
    "memorysetup-temp-allocator-size-audio-worker=65536"
    "memorysetup-temp-allocator-size-cloud-worker=32768"
    "memorysetup-temp-allocator-size-gi-baking-worker=262144"
    "memorysetup-temp-allocator-size-gfx=262144"
Player connection [7938609152]  Target information:

Player connection [7938609152]  * "[IP] 192.168.0.104 [Port] 0 [Flags] 2 [Guid] 379117305 [EditorId] 379117305 [Version] 1048832 [Id] OSXEditor(0,Alexs-MacBook-Pro.local) [Debug] 1 [PackageName] OSXEditor [ProjectName] Editor" 

Player connection [7938609152]  * "[IP] 169.254.74.182 [Port] 0 [Flags] 2 [Guid] 379117305 [EditorId] 379117305 [Version] 1048832 [Id] OSXEditor(0,Alexs-MacBook-Pro.local) [Debug] 1 [PackageName] OSXEditor [ProjectName] Editor" 

Player connection [7938609152] Host joined multi-casting on [225.0.0.222:54997]...
Player connection [7938609152] Host joined alternative multi-casting on [225.0.0.222:34997]...
[PhysX] Initialized MultithreadedTaskDispatcher with 10 workers.
Refreshing native plugins compatible for Editor in 22.91 ms, found 10 plugins.
Preloading 1 native plugins for Editor in 3.09 ms.
Initialize engine version: 2022.3.55f1 (9f374180d209)
[Subsystems] Discovering subsystems at path /Applications/Unity/Hub/Editor/2022.3.55f1/Unity.app/Contents/Resources/UnitySubsystems
[Subsystems] Discovering subsystems at path /Users/alxxvine/Documents/GitHub/PJSH1T/PJSH1T/Assets
GfxDevice: creating device client; threaded=0; jobified=0
 preferred device: Apple M2 Pro (high power)
Metal devices available: 1
0: Apple M2 Pro (high power)
Using device Apple M2 Pro (high power)
Initializing Metal device caps: Apple M2 Pro
Initialize mono
Mono path[0] = '/Applications/Unity/Hub/Editor/2022.3.55f1/Unity.app/Contents/Managed'
Mono path[1] = '/Applications/Unity/Hub/Editor/2022.3.55f1/Unity.app/Contents/MonoBleedingEdge/lib/mono/unityjit-macos'
Mono config path = '/Applications/Unity/Hub/Editor/2022.3.55f1/Unity.app/Contents/MonoBleedingEdge/etc'
Using monoOptions --debugger-agent=transport=dt_socket,embedding=1,server=y,suspend=n,address=127.0.0.1:56527
Begin MonoManager ReloadAssembly
Registering precompiled unity dll's ...
Register platform support module: /Applications/Unity/Hub/Editor/2022.3.55f1/Unity.app/Contents/PlaybackEngines/MacStandaloneSupport/UnityEditor.OSXStandalone.Extensions.dll
Register platform support module: /Applications/Unity/Hub/Editor/2022.3.55f1/PlaybackEngines/AndroidPlayer/UnityEditor.Android.Extensions.dll
Registered in 0.003244 seconds.
- Loaded All Assemblies, in  0.224 seconds
Native extension for Android target not found
Android Extension - Scanning For ADB Devices 66 ms
Native extension for OSXStandalone target not found
Mono: successfully reloaded assembly
- Finished resetting the current domain, in  0.234 seconds
Domain Reload Profiling: 458ms
	BeginReloadAssembly (75ms)
		ExecutionOrderSort (0ms)
		DisableScriptedObjects (0ms)
		BackupInstance (0ms)
		ReleaseScriptingObjects (0ms)
		CreateAndSetChildDomain (0ms)
	RebuildCommonClasses (21ms)
	RebuildNativeTypeToScriptingClass (7ms)
	initialDomainReloadingComplete (30ms)
	LoadAllAssembliesAndSetupDomain (92ms)
		LoadAssemblies (75ms)
		RebuildTransferFunctionScriptingTraits (0ms)
		AnalyzeDomain (90ms)
			TypeCache.Refresh (89ms)
				TypeCache.ScanAssembly (81ms)
			ScanForSourceGeneratedMonoScriptInfo (0ms)
			ResolveRequiredComponents (0ms)
	FinalizeReload (234ms)
		ReleaseScriptCaches (0ms)
		RebuildScriptCaches (0ms)
		SetupLoadedEditorAssemblies (205ms)
			LogAssemblyErrors (0ms)
			InitializePlatformSupportModulesInManaged (115ms)
			SetLoadedEditorAssemblies (3ms)
			RefreshPlugins (0ms)
			BeforeProcessingInitializeOnLoad (1ms)
			ProcessInitializeOnLoadAttributes (61ms)
			ProcessInitializeOnLoadMethodAttributes (24ms)
			AfterProcessingInitializeOnLoad (0ms)
			EditorAssembliesLoaded (0ms)
		ExecutionOrderSort2 (0ms)
		AwakeInstancesAfterBackupRestoration (0ms)
========================================================================
Worker process is ready to serve import requests
Caller must complete domain reload
Begin MonoManager ReloadAssembly
- Loaded All Assemblies, in  0.438 seconds
Native extension for Android target not found
Native extension for OSXStandalone target not found
Package Manager log level set to [2]
[Package Manager] Server::EnsureServerProcessIsRunning -- launch failed, reason: Unity was launched with the -noUpm command-line argument
[Package Manager] UpmClient::Send -- Unable to send message (not connected to UPM process).
[Package Manager] Cannot connect to Unity Package Manager local server
Mono: successfully reloaded assembly
[Package Manager] Server::EnsureServerProcessIsRunning -- launch failed, reason: Unity was launched with the -noUpm command-line argument
[Package Manager] UpmClient::Send -- Unable to send message (not connected to UPM process).
[Package Manager] Cannot connect to Unity Package Manager local server
[Package Manager] Server::EnsureServerProcessIsRunning -- launch failed, reason: Unity was launched with the -noUpm command-line argument
[Package Manager] UpmClient::Send -- Unable to send message (not connected to UPM process).
[Package Manager] Cannot connect to Unity Package Manager local server
- Finished resetting the current domain, in  0.403 seconds
Domain Reload Profiling: 842ms
	BeginReloadAssembly (74ms)
		ExecutionOrderSort (0ms)
		DisableScriptedObjects (3ms)
		BackupInstance (0ms)
		ReleaseScriptingObjects (0ms)
		CreateAndSetChildDomain (17ms)
	RebuildCommonClasses (21ms)
	RebuildNativeTypeToScriptingClass (7ms)
	initialDomainReloadingComplete (20ms)
	LoadAllAssembliesAndSetupDomain (315ms)
		LoadAssemblies (211ms)
		RebuildTransferFunctionScriptingTraits (0ms)
		AnalyzeDomain (138ms)
			TypeCache.Refresh (120ms)
				TypeCache.ScanAssembly (105ms)
			ScanForSourceGeneratedMonoScriptInfo (11ms)
			ResolveRequiredComponents (5ms)
	FinalizeReload (403ms)
		ReleaseScriptCaches (0ms)
		RebuildScriptCaches (0ms)
		SetupLoadedEditorAssemblies (308ms)
			LogAssemblyErrors (0ms)
			InitializePlatformSupportModulesInManaged (7ms)
			SetLoadedEditorAssemblies (2ms)
			RefreshPlugins (0ms)
			BeforeProcessingInitializeOnLoad (35ms)
			ProcessInitializeOnLoadAttributes (231ms)
			ProcessInitializeOnLoadMethodAttributes (32ms)
			AfterProcessingInitializeOnLoad (1ms)
			EditorAssembliesLoaded (0ms)
		ExecutionOrderSort2 (0ms)
		AwakeInstancesAfterBackupRestoration (3ms)
Launching external process: /Applications/Unity/Hub/Editor/2022.3.55f1/Unity.app/Contents/Tools/UnityShaderCompiler
Launched and connected shader compiler UnityShaderCompiler after 0.05 seconds
Refreshing native plugins compatible for Editor in 3.42 ms, found 10 plugins.
Preloading 1 native plugins for Editor in 0.17 ms.
Unloading 4535 Unused Serialized files (Serialized files now loaded: 0)
Unloading 81 unused Assets / (79.9 KB). Loaded Objects now: 4983.
Memory consumption went from 157.0 MB to 156.9 MB.
Total: 2.908250 ms (FindLiveObjects: 0.158292 ms CreateObjectMapping: 0.082291 ms MarkObjects: 2.532709 ms  DeleteObjects: 0.134333 ms)

AssetImportParameters requested are different than current active one (requested -> active):
  custom:scripting/monoscript/fileName/ARGestureInteractor.deprecated.cs: b2c51c8fe20c50464370397079fc90f0 -> 
  custom:scripting/monoscript/fileName/XRControllerState.deprecated.cs: 55c6c680dddf668f8ce327ce4f7b73d5 -> 30feb69e0e7d49f86ea25a72c54bdb39
  custom:scripting/monoscript/fileName/ARRotationInteractable.deprecated.cs: ef05ad0cdf7b6f2eb154a3701cfbbfab -> 
  custom:scripting/monoscript/fileName/XRDirectInteractorEditor.cs: 15c632188d69bb21ffc00c6cc18b25de -> 8920d36979dfa760b5ce879eed054db7
  custom:scripting/monoscript/fileName/PokeThresholdDatumPropertyDrawer.cs: a127eb0cda13b2a7649729ff82466bbf -> b6f4e12f1f0d2ca8a702d8355142966b
  custom:scripting/monoscript/fileName/GrabMoveProvider.deprecated.cs: 90647cc400823b41df847a6cbfc29026 -> 
  custom:scripting/monoscript/fileName/LocomotionSystem.cs: 70cb71ec890b2306c021005150aa5a2c -> 69f381ad62705ff34d1d2c2f224938f8
  custom:scripting/monoscript/fileName/FollowPresetDatumPropertyDrawer.cs: eb8daeccfd379ead1b924e37bfa7135d -> 3d347b12cab18fd255235e256de611e9
  custom:scripting/monoscript/fileName/IXRRayProvider.cs: 92c7ba466e712f7b278108d0b26dac1f -> 58f319a8961355adf693bdb82f3aa296
  custom:scripting/monoscript/fileName/QuaternionTweenableVariable.cs: e2d4beec81cb7fa5c66ece076c23e50e -> 3eeca9e5910af48a4287cfdfac8d60d8
  custom:scripting/monoscript/fileName/PokeThresholdData.cs: 6a158b980808b8f6644429bb2f440c8a -> 7f8bf488f8d1eae1fce1476741fae16d
  custom:scripting/monoscript/fileName/ScreenSpacePinchScaleInput.cs: 3e8824da5eb27b4fc8d02a55ea2165f4 -> 
  custom:scripting/monoscript/fileName/CanFocusMultipleAttribute.cs: 2c698cf4b6070abc1ab762d4dc1cd524 -> f3013377334085a1b02a37e3c01ef181
  custom:scripting/monoscript/fileName/XRInputTrackingAggregator.cs: 884985f7275d88ced94cd36345b2dec2 -> c9219d437da7b7315260ba670aaa9c85
  custom:scripting/monoscript/fileName/XRMovableBody.cs: 79419ae26c316c1e8772d5e54f05627b -> 
  custom:scripting/monoscript/fileName/BaseAsyncAffordanceStateReceiver.cs: 8f6297df34271fdb1ce2d9607ec6261d -> 90647cc400823b41df847a6cbfc29026
  custom:scripting/monoscript/fileName/BaseTeleportationInteractableEditor.cs: 1d5a8b891344d47e10a78c9a433798dd -> 588e766034b22e973fdc992738c56148
  custom:scripting/monoscript/fileName/ActionBasedSnapTurnProvider.cs: 0f0f9ca5c78be2eb684a9add00a9215d -> 3a8d7cf55b0e7d3439682058fe86ad6e
  custom:scripting/monoscript/fileName/XRController.cs: e7f3c7b0f5150c6a64ffb6ca42de7d41 -> f915c2c66b01fbe9ef4978b961512634
  custom:scripting/monoscript/fileName/XRGazeInteractorEditor.cs: 618fcdce089b48ce370346ce7d8fec57 -> 3f6cbe71061dd79447fb814220619f96
  custom:scripting/monoscript/fileName/IXRFocusInteractable.cs: 8c07c2b7c6606188aa4628c08d9f9273 -> 45a8469fc775f267435db6ed3840fdf4
  custom:scripting/monoscript/fileName/XRDeviceSimulator.cs: 17827df01b71a4bc1ed70b41713bc02c -> d6669cca22e9c3ebd9c9a7693cb4d344
  custom:scripting/monoscript/fileName/XRDualGrabFreeTransformerEditor.cs: e9926bd3e7b87c1f91cbdda99e4dd0a6 -> d8c3b2bd7ffc1c8d4b0da3679a3e46d0
  custom:container-demuxer-ogg: 62fdf1f143b41e24485cea50d1cbac27 -> 
  custom:scripting/monoscript/fileName/TeleportationMultiAnchorVolume.cs: a4c5e7b9350f373a4420ad26c307e53e -> 6a372d3d5500fd8e1e6fd13c3962868b
  custom:scripting/monoscript/fileName/IXRInteractionGroup.cs: 16bbd90295667379bc623863a6be3711 -> 65b972d4031cca83c1f073e6dc511165
  custom:scripting/monoscript/fileName/ARScaleInteractable.deprecated.cs: a1103418657863c1002097ddf3208e5a -> 
  custom:scripting/monoscript/fileName/XRHelpURLConstants.deprecated.cs: d192501a91f4241a1fc505990f192777 -> 7a5beb455c744c93847a166db6e29e55
  custom:scripting/monoscript/fileName/CircularBuffer.cs: 90647cc400823b41df847a6cbfc29026 -> 
  custom:scripting/monoscript/fileName/XRInteractableAffordanceStateProvider.cs: 1c03c993d4fa08acfcb67911114d18e4 -> 330b909afdfb2023f8b66179a46958f6
  custom:scripting/monoscript/fileName/InteractionCasterBase.cs: 3eeb23ad0cd29540a603965668a8bfaa -> 
  custom:scripting/monoscript/fileName/SphereInteractionCaster.cs: d2a3b6d651f9458d42336a2f59e5c2fa -> 
  custom:scripting/monoscript/fileName/IXRInteractionStrengthFilter.cs: ec1f1bc1146badc5436891d5b5ddcd3e -> 0934e56af4d0394df5ff032f070184d1
  custom:scripting/monoscript/fileName/CurveVisualControllerEditor.cs: f008c7a0487d8c0fa09e2f3110803777 -> 
  custom:scripting/monoscript/fileName/Oculus.cs: 2edcd533dd4b371bb248051a8fa77761 -> 
  custom:scripting/monoscript/fileName/IXRSelectInteractable.cs: f9614b840ea16d96e881414b420e6d31 -> 37bf2741a24f6240967d50c355d0a6cc
  custom:scripting/monoscript/fileName/XRSimulatedHandState.cs: c60ba142fd30f912d53944d884cc5c4d -> 6301e2b69347b657eb67ea0fc2a541d1
  custom:scripting/monoscript/fileName/AffordanceStateShortcuts.cs: 64e6263ea286c8838638302ec92d1ca1 -> e2071b4c188327ad25586ae27274ad4f
  custom:scripting/monoscript/fileName/ProjectPath.cs: 808cfaf5ef03c22ac0088e169af2a7ca -> 4412bfc8301793f386bd4d06a391102a
  custom:scripting/monoscript/fileName/PackageManagerEditorHelper.cs: c5ca45bf38bd6d2c8530d6660b0213c4 -> 55c68bab017fb629836b2a33cd11da13
  custom:scripting/monoscript/fileName/XRInteractionToolkitSettingsProvider.cs: 6fffa84fa3bc1a10e2ad05b85ff5f902 -> 466af331d9c5ba6c063b3d7ed5c4b10d
  custom:scripting/monoscript/fileName/XRGrabInteractable.deprecated.cs: 8f6297df34271fdb1ce2d9607ec6261d -> 90647cc400823b41df847a6cbfc29026
  custom:scripting/monoscript/fileName/FallbackComposite.cs: aac87090c2825381f4e7522c8f02e4a5 -> f31f49c40db5e68e461aeb74573ac33b
  custom:scripting/monoscript/fileName/IXRHoverInteractable.cs: fad25df9d55b03e96dcc0abee30e97da -> fb465df486024344a71a88280cfcb961
  custom:scripting/monoscript/fileName/TrackedDeviceEventData.cs: 5c417c04d4e247882794d55761c311b4 -> 38a4161369ac08076197ffcfc1aa9721
  custom:scripting/monoscript/fileName/ClimbInteractableEditor.cs: fbb58846280b11d0867d950b40abd74d -> efbd8d229dc456334683597de92eba8c
  custom:scripting/monoscript/fileName/IAffordanceStateReceiver.cs: 97cfd255f23a45e12e225b865be737e4 -> 315f857466a4c1b4f032b74f2b8a5bbb
  custom:scripting/monoscript/fileName/TeleportationAnchorEditor.cs: af8a418598e5b93f2116bf785c898535 -> 2ab65dda924dee90b99aa95eba2773bb
  custom:scripting/monoscript/fileName/XRDeviceSimulatorEditor.cs: ed96781de115507cd35cee29e6cf4e32 -> bbde6d4cde983f79176c9e2a131f742c
  custom:scripting/monoscript/fileName/DisposableManagerSingleton.cs: 54ce16a070ef6d3c22669ce8eb8f8535 -> a23d0b043813b455c0f1bb71fe00bd6a
  custom:scripting/monoscript/fileName/IXRInteractable.cs: fd40e58aa369118d4b71d783cae421c0 -> b8d00e269f910b8775fa756040f09dfb
  custom:scripting/monoscript/fileName/PositionHandleUtility.cs: 9442dcdb2a3f5851f362c4d44518baa8 -> bc3b28f4105d0bac78ec44b0701a40aa
  custom:scripting/monoscript/fileName/XRInteractablesTreeView.cs: 0c5ae70e503bbb7bca566ebe912aa4f1 -> d1bc48303affbf0fed215335ba13ca4e
  custom:scripting/monoscript/fileName/Vector4AffordanceReceiver.cs: 5c149aee3b55b114e4755c5308f0c050 -> 4bad121e84ee6ac750103ad2c7fb319c
  custom:scripting/monoscript/fileName/XRInteractionEvents.cs: 8a92ae9b1cfe056c5617cf002826e5d2 -> f60e86a86638c89a143bffc723344fff
  custom:scripting/monoscript/fileName/XRInputDeviceFloatValueReader.cs: 3ee4bed69b3b4f1d14f5d5c29106dad1 -> 
  custom:scripting/monoscript/fileName/FurthestTeleportationAnchorFilter.cs: cd3a2cc22e5657537cac4a832e80c610 -> 170d136e43aef5ba82c52779bdb89248
  custom:scripting/monoscript/fileName/IXRSelectFilter.cs: 189ee1866f001fed6cae1c5882eb95fb -> 2e38231bb7796f816ab3fe82bc78c572
  custom:scripting/monoscript/fileName/FloatMaterialPropertyAffordanceReceiver.cs: a656a9ae0859e8772849a0a3b5e65376 -> 8f0f362be917bb54eda2683129f9f4fe
  custom:scripting/monoscript/fileName/CharacterControllerDriver.cs: 75c05adb0134430f27c7e6d15078de91 -> d59bec36692ce8a40f09a7d81230a80f
  custom:scripting/monoscript/fileName/NearFarInteractor.cs: 806c53015842e664410c77ecc150d1c1 -> 
  custom:video-decoder-ogg-theora: a1e56fd34408186e4bbccfd4996cb3dc -> 
  custom:scripting/monoscript/fileName/RequireInterfaceDrawer.cs: 139610792ff5055df9700c5e7e9c0a88 -> fe1b27d9bb0fc15b545bc4f9b3d0fcc3
  custom:scripting/monoscript/fileName/IXRHapticImpulseProvider.cs: 0581217f492533c19c1eea540208d4c6 -> 
  custom:scripting/monoscript/fileName/InputFeatureUsageStringPropertyDrawer.cs: 97e72bb1cd615fd4f000991e1dfd3e2f -> 
  custom:scripting/monoscript/fileName/XRInteractionEditorSettings.cs: 2741a3da3053ca84d14c50e1902c8c0e -> b5e3e022d7b3d4d14e9496d9ffc06f24
  custom:scripting/monoscript/fileName/TeleportingEventArgs.cs: d304775cffbaad73c94f31465bace56d -> 
  custom:scripting/monoscript/fileName/XRInputDeviceHapticImpulseChannelGroup.cs: e5ed4ca063ba0f597e247ff7d2002bbc -> 
  custom:scripting/monoscript/fileName/CompactPropertyControl.cs: 4309839fe1d7c3521e96630f35bec8bd -> 
  custom:scripting/monoscript/fileName/XRBaseInteractor.deprecated.cs: 8f6297df34271fdb1ce2d9607ec6261d -> 90647cc400823b41df847a6cbfc29026
  custom:scripting/monoscript/fileName/XRControllerRecorder.deprecated.cs: 90647cc400823b41df847a6cbfc29026 -> 
  custom:scripting/monoscript/fileName/XRBodyTransformer.cs: dc90e8270ab06c5f7afcd5788c6f7f76 -> 
  custom:scripting/monoscript/fileName/IXRFilterList.cs: 8f6297df34271fdb1ce2d9607ec6261d -> 90647cc400823b41df847a6cbfc29026
  custom:scripting/monoscript/fileName/AffordanceStateData.cs: f7b0e089b6b53bad4004828fdeead7d3 -> d1d62b8d8e696751af0c4edf7ce63e15
  custom:scripting/monoscript/fileName/ICurveInteractionDataProvider.cs: 2b50277ea0b72f3012bc9c2bce13ffd2 -> 
  custom:scripting/monoscript/fileName/TriggerContactMonitor.cs: e02b970b8135f74c26c300b44a49ede7 -> 5308012c85bc61918668d060d694b733
  custom:scripting/monoscript/fileName/EventMigrationUtility.deprecated.cs: 6554f8e3085ab367467e90a67728a44b -> b0f8f6f94922a3423f0465a6c535b03a
  custom:scripting/monoscript/fileName/XRBaseInputReaderPropertyDrawer.cs: 0cdf409b5aa8d4c25876d72b5c6a3b60 -> 
  custom:scripting/monoscript/fileName/IXRInteractableCustomReticle.cs: 410c65237210031d9123469090a3f4cf -> f3fc2b7536c8ac4540864f1efe0f5e92
  custom:scripting/monoscript/fileName/TrackedDeviceGraphicRaycaster.cs: 4fb710436f22113fdd153a773aaa0be8 -> ffe9bcf3f7fba82499d72bbf2d369f51
  custom:scripting/monoscript/fileName/IXRHapticImpulseChannel.cs: 2824884e0fd44c8c3264de9dc1304263 -> 
  custom:scripting/monoscript/fileName/IXRSelectInteractor.cs: 3b2456e6163168b6b814eb31c73e24c6 -> 98d9a2bc0457360b8b3695053ef96e5a
  custom:scripting/monoscript/fileName/XRDualGrabFreeTransformer.cs: db2f363d8d3a70221d9153862e50f4e4 -> 4e901a878945b07d92064dd582f2c902
  custom:scripting/monoscript/fileName/XRRayInteractorEditor.deprecated.cs: 0cdf409b5aa8d4c25876d72b5c6a3b60 -> 
  custom:scripting/monoscript/fileName/XRInteractionGroup.cs: 2974871200d8dcee535bf87d8ea04ee1 -> 67a2e9bd369bfceca32c46f4939b26ad
  custom:scripting/monoscript/fileName/ColorTweenJob.cs: ba1e928f35016cc7fc43a020310736c9 -> 49cdb9b9003c5d87010e3b1602f600e1
  custom:scripting/monoscript/fileName/Vector4AffordanceThemeDatumPropertyDrawer.cs: 51b4f448de49b25ce66d40ec3134d28f -> 7c8893beae89d3c429ef3d8aa828bbca
  custom:scripting/monoscript/fileName/AudioAffordanceThemeDatumPropertyDrawer.cs: 976ea2ef728132c31b2b8f2537d0161d -> f6a4026765b9182c71238c3b1eb5c19c
  custom:scripting/monoscript/fileName/GazeTeleportationAnchorFilterEditor.cs: 674ab7b0969d8813f96b0e485e912209 -> c01e2023ce38344c40aad7ad2e435de0
  custom:scripting/monoscript/fileName/XRRayInteractor.deprecated.cs: 8f6297df34271fdb1ce2d9607ec6261d -> 90647cc400823b41df847a6cbfc29026
  custom:scripting/monoscript/fileName/BurstPhysicsUtils.cs: ed4cf911f253363f5077e37fe8dd2e25 -> 03d4ba05a958fa0d4b37404cdb923462
  custom:scripting/monoscript/fileName/XRUIInputModule.deprecated.cs: 8f6297df34271fdb1ce2d9607ec6261d -> 90647cc400823b41df847a6cbfc29026
  custom:scripting/monoscript/fileName/XRHandSkeletonPokeDisplacer.cs: 02177753151b9c4f432c91f45d18ddbc -> fc912ce4ecfc015a2468824bfa22a444
  custom:scripting/monoscript/fileName/XRSingleGrabFreeTransformer.cs: 0ace3af4a075f67a82c05360b1541a36 -> d4239a25c4293b42a12bb6a81ed3c57e
  custom:scripting/monoscript/fileName/XRScreenSpaceController.cs: 869222b761c781667a5d3a809e36b43c -> 1c13a39eb94798344a7ca3956ef13164
  custom:scripting/monoscript/fileName/XRTransformStabilizer.cs: 6750d289775354ee0ef32cfe0b32ed62 -> 43fe88a528b18a68dbb16ee10a4ff224
  custom:scripting/monoscript/fileName/UnderCameraBodyPositionEvaluator.cs: d873d246f3b754f6842e0d26b259f886 -> 
  custom:scripting/monoscript/fileName/XRTargetEvaluatorEditorUtility.cs: 003566e3b06ce96efb5ebcb86f43bf1a -> 3d022b831f5659cda3686543ba355657
  custom:scripting/monoscript/fileName/XRPokeLogic.cs: 44a11fc14b979d4f0b4798e115f80e4e -> e2b1def565c1e1d5cfe10a23758c8b57
  custom:scripting/monoscript/fileName/TouchModel.cs: 902186eb06d4049c3376e5d3367e6c8e -> 4a9987cc8b20a24f5411889b0969dac6
  custom:scripting/monoscript/fileName/IConstrainedXRBodyManipulator.cs: 04c899371fbae715cbb53924c1b9b24f -> 
  custom:scripting/monoscript/fileName/InteractionLayerMaskDrawer.cs: 66b978b92fffbf7bb46a57c3d6380ff7 -> 2dd41f6cee21469bf08be3a69a31583a
  custom:scripting/monoscript/fileName/PooledObject.cs: 8f6297df34271fdb1ce2d9607ec6261d -> 90647cc400823b41df847a6cbfc29026
  custom:scripting/monoscript/fileName/XRTargetEvaluatorsScoreTreeView.cs: b7b4b5b84ee8ca548314dec4b5726748 -> 9cd4d1046103234400aab9409d666c8c
  custom:scripting/monoscript/fileName/ActionBasedControllerEditor.cs: 0a316ee5128fe2c13d5d376340d37ba2 -> bb433160ae5801abbc22b4f1bcfca9b6
  custom:scripting/monoscript/fileName/ScreenSpaceSelectInput.cs: f5e000db2ce79a56ac41136683cbd371 -> 
  custom:scripting/monoscript/fileName/TeleportVolumeDestinationSettingsDatumProperty.cs: 45650bcc817ea311511b0b69dac2c44c -> 741538dd1b46356626b1429d9643dd66
  custom:scripting/monoscript/fileName/LocomotionUtility.cs: b7abfd2d107388d568288455a96cb623 -> e10495371a58472fac62779e85f653be
  custom:scripting/monoscript/fileName/SmartFollowQuaternionTweenableVariable.cs: 8e4051e39834cd3e71938845f7fd84c7 -> e01bfdc0d96ae6c230ef9f5c3d840467
  custom:scripting/monoscript/fileName/UIInputModule.Events.cs: a3af263327acb755290a1347781e4bc4 -> cf91ec523ea5be6df878ee8b6584c221
  custom:scripting/monoscript/fileName/BlendShapeAffordanceReceiver.cs: 366bd4a66b78ac89a2658cf9521547c9 -> 112246585a0fcfd068b95d87a452d39f
  custom:scripting/monoscript/fileName/XRSimulatedControllerState.cs: c87e53bbe84c5ec1dd4f1752ed880c29 -> b58309ecc339e9f6984a8c78c325c158
  custom:scripting/monoscript/fileName/Vector3MaterialPropertyAffordanceReceiver.cs: 178f70daa49aa7f6d98e2e73de8a0679 -> a39ede5d38b4884d82676fd336f8845e
  custom:scripting/monoscript/fileName/ContinuousTurnProvider.cs: 98e458f1f3f35d2c4ff39467d030e804 -> 
  custom:scripting/monoscript/fileName/XRInputHapticImpulseProvider.cs: b9b2b2dc68ac9710fd001f0f7acd5a36 -> 
  custom:scripting/monoscript/fileName/ScreenSpaceRayPoseDriver.cs: bb4523d977e059a762f17cdc3af734c3 -> 
  custom:scripting/monoscript/fileName/TeleportVolumeDestinationSettingsDatumPropertyDrawer.cs: 79ba418605cbcc0d984af7545510a937 -> b1f2ee895e7e32ae0a0fed9bcd94f859
  custom:scripting/monoscript/fileName/SimpleAudioFeedbackEditor.cs: 585347c4b065745a76f35f937b296ecf -> 
  custom:scripting/monoscript/fileName/CanvasOptimizer.cs: 751ee18659e3cd2959ca38fa37692956 -> 2d9fbec9885e0fa49ba59cbbb2b066ce
  custom:scripting/monoscript/fileName/LocomotionMediator.cs: 430f67c06628194ddf6f901e12f5ac38 -> 
  custom:scripting/monoscript/fileName/MaterialInstanceHelper.cs: b8db625bf7043c0db0a21e47bcbcb6f5 -> 2140738dc434b4984a0674cb5440a884
  custom:scripting/monoscript/fileName/OpenXRHapticImpulseChannel.cs: bc8e196fe3cf4c31452959059cc29c5d -> 
  custom:scripting/monoscript/fileName/ComponentLocatorUtility.cs: 8f6297df34271fdb1ce2d9607ec6261d -> 90647cc400823b41df847a6cbfc29026
  custom:scripting/monoscript/fileName/CharacterControllerBodyManipulator.cs: c43dc23266e55f9d78c91bbad4c89159 -> 
  custom:scripting/monoscript/fileName/XRInteractableSnapVolumeEditor.cs: aab5959691759066ff0a7b044eaedc75 -> 2612961c50720a3907524141b3cb4230
  custom:scripting/monoscript/fileName/HapticImpulseCommandChannel.cs: 2bcaf7691f088d0ebc6dbd588c2648f3 -> 
  custom:scripting/monoscript/fileName/ActionBasedContinuousMoveProvider.cs: 344b90cb584ea5ffd7337a453a818001 -> 7d278550d708297b0a37af5b2375ff60
  custom:scripting/monoscript/fileName/XRPokeFilter.cs: 721313553813608ef3c0611d1a439313 -> d25513cc5875a49a4fdc38e85e815c88
  custom:scripting/monoscript/fileName/XRControllerRecorderEditor.cs: bd0c0a7b1bc1e0a32c842cdeab728ba1 -> 2becc3aec59f41c99aa8c09695349616
  custom:scripting/monoscript/fileName/Vector4TweenableVariable.cs: e46f110c663f736dd0a9e3b3094006ea -> a862c927e11ac403167ebffbe50aa9a7
  custom:scripting/monoscript/fileName/XRPokeInteractor.cs: 8d18f3fdae51edbdf0224c997aeefdfe -> a14e361f62a435582e84c03c1efeaeff
  custom:scripting/monoscript/fileName/XRControllerRecordingEditor.cs: 8840a7e281abd8d136d379fde2d52875 -> 592b2ff2caef963edc7b4a3176355955
  custom:scripting/monoscript/fileName/TweenableVariableBase.cs: 8f6297df34271fdb1ce2d9607ec6261d -> 90647cc400823b41df847a6cbfc29026
  custom:scripting/monoscript/fileName/ExposedRegistrationList.cs: 8f6297df34271fdb1ce2d9607ec6261d -> 90647cc400823b41df847a6cbfc29026
  custom:scripting/monoscript/fileName/IPokeStateDataProvider.cs: 45c35f400d3d7991e02f26b39f905496 -> 583f4cc37fc0e84731775d736b4a8b1f
  custom:CustomObjectIndexerAttribute: 9a22284fe3817be447336de3de66b15e -> 
  custom:scripting/monoscript/fileName/ContinuousMoveProvider.cs: 0e229499f925ce01b4266d2b66e47332 -> 
  custom:scripting/monoscript/fileName/XRSocketInteractor.cs: 8605ff2f00b041b20876de5475546279 -> 77576547a356d6e9c9d09ddb94ebdf12
  custom:scripting/monoscript/fileName/LocomotionProvider.deprecated.cs: 8f6297df34271fdb1ce2d9607ec6261d -> 90647cc400823b41df847a6cbfc29026
  custom:scripting/monoscript/fileName/XRInputDeviceBoolValueReader.cs: 7be322972109b2291b2d0da52da61f5a -> 
  custom:scripting/monoscript/fileName/XRTargetEvaluator.cs: e647ad44652570bc3df05ce7c21deec7 -> b16d7a5b4e19d2e8b36e19f2d0969fd8
  custom:scripting/monoscript/fileName/ProjectValidationUtility.cs: dac9edc910ff914f68c1631dc17e16ab -> 
  custom:scripting/monoscript/fileName/TrackedDeviceModel.deprecated.cs: 2c9dfbfbff2b4273c3444badb2cddd1a -> 6a9a21e2d68f07dc1d721deb32ed0efe
  custom:scripting/monoscript/fileName/SmartFollowVector3TweenableVariable.cs: 9a81c7d591e820a1ca8faf10de30da4d -> 275b0abe86c097ca8b877bc19bf92f90
  custom:scripting/monoscript/fileName/IXRActivateInteractor.cs: 796ba1626e11bb873616041a1f183391 -> 2c3f3c3c5694d861ce742ca59cb542a4
  custom:container-demuxer-webm: 4f35f7cbe854078d1ac9338744f61a02 -> 
  custom:scripting/monoscript/fileName/XRTargetFilter.cs: c435f38a04ccdbd26ff6e05447ddc261 -> 5715e51d114807c08143f7cb237a97c9
  custom:scripting/monoscript/fileName/TeleportationArea.cs: b004abf643ef2e2fff87a16cd01dc989 -> a1dc7b31dde2622e260d6cb3bbf6c3f3
  custom:scripting/monoscript/fileName/IXRHoverInteractor.cs: 7585a0b2f9f7c1e30b044ca96640af3d -> 37a80d415b4e3c8b74f9d320b52df4fc
  custom:scripting/monoscript/fileName/RequireInterfaceAttribute.cs: 39f5072c048e119f8816f3240d61f866 -> c5f76685c6110dabcbd3746c51f7eaa0
  custom:scripting/monoscript/fileName/InteractionState.cs: 6ae1a6f6d7123935e078a06758bca9e0 -> 
  custom:scripting/monoscript/fileName/IXRGrabTransformer.cs: d647a3dbbbcdd3853c32b7e63b84cbcc -> ddb6cf57c5d89cb73ca2df6c9d2339a7
  custom:scripting/monoscript/fileName/XRGazeInteractor.cs: 41c10c7148605eb468933e20990ba96d -> 0ad1b7f567e509e3c6acabd914001540
  custom:scripting/monoscript/fileName/XRInteractorLineVisual.cs: 3efbbfd8cacf2ea95f2b9dc79cc67ff9 -> a7322de680a5f4b548100b720ff003d0
  custom:scripting/monoscript/fileName/GazeTeleportationAnchorFilter.cs: 642f056c1d98238d3a866c2ca88a0209 -> e7d66728f58b6bbd2ff0385fa4e81e9b
  custom:scripting/monoscript/fileName/IXRInteractionStrengthInteractable.cs: a7f82e90bebf55fdce52d6ad98c873bf -> fc8c8ac6bd5b7a479ab5ef94dd5ca87e
  custom:scripting/monoscript/fileName/SectorInteraction.cs: 69d4d3b7a23fe207d2a3990fc10e3c02 -> 87af26b46b1e61de956bd279678d7b1a
  custom:scripting/monoscript/fileName/DeviceBasedContinuousTurnProvider.cs: 36a635ef4cd4cc4a2becdad21d7d06fa -> b0c172988bc5a28b599bc9895d177fe8
  custom:scripting/monoscript/fileName/DistanceInfo.cs: 09d8615583d1af93d793e3eb327dc653 -> 6fa6243501415911d87e78c25a1d5880
  custom:scripting/monoscript/fileName/XRDirectInteractor.cs: cfc2d700ac429d72603bd43a70c8984d -> fe1f586098db3f94120fefc0dd2cb838
  custom:scripting/monoscript/fileName/XRLegacyGrabTransformer.cs: 7cda5b8b067a1da3556f4fa6f3c0d4d8 -> 6b2a337ce68919f21bf23649e65f263b
  custom:scripting/monoscript/fileName/HapticControlActionManager.cs: b705ccdc108f5387d6ec77619727661e -> 
  custom:scripting/monoscript/fileName/XRInputButtonReader.cs: 8f2af4fae2ae8e4d4c4c785365a95c86 -> 
  custom:scripting/monoscript/fileName/XRBaseController.cs: dbd54993e0a153c4679cdc4a59333e63 -> 94589aeb191899104b4d0db6af6ba216
  custom:scripting/monoscript/fileName/XRInputDevicesTreeView.cs: 7c515d7403aa3c3569fbac59209f10b8 -> b95eb16008a2abcc498c4236c3a10d47
  custom:scripting/monoscript/fileName/BurstLerpUtility.cs: 09a2e4cb2e0bf5932ef7c7d2faa7cf78 -> 
  custom:scripting/monoscript/fileName/XRInputHapticImpulseProviderPropertyDrawer.cs: 8b600a2a2097b01ac1f416131c249635 -> 
  custom:scripting/monoscript/fileName/XRBaseControllerInteractor.cs: 9d6797387d906c2cb207d46b7464a1ec -> 0fd82944907011e7ad5438db4ea0e9bf
  custom:scripting/monoscript/fileName/ContinuousMoveProviderBase.cs: 1c66c0fa91356abc16034a1304829bed -> c479f92350f8991116aefb7a618a826f
  custom:scripting/monoscript/fileName/XRInteractionDebuggerWindow.cs: c109be3e195057aa41cf9231ca46107b -> 5c8551716abbe2f5e0bfec3dfc649c67
  custom:scripting/monoscript/fileName/IInteractionAttachController.cs: e995284c8f5d9929953f0670bbe7054b -> 
  custom:scripting/monoscript/fileName/IInteractionCaster.cs: 21cb8d98d197c0cab86600d743639071 -> 
  custom:scripting/monoscript/fileName/CanvasTracker.cs: 798fe2d7748cd6b118ef0588a386a104 -> f2a5bb1e5bd462604ab7b1f7bd53585e
  custom:scripting/monoscript/fileName/XRGeneralGrabTransformer.cs: f0f3abd8c6f8e06df7e6de88bfff9ee3 -> 550062c6a0e85d58a6116c0319a5e2ac
  custom:scripting/monoscript/fileName/IAsyncAffordanceStateReceiver.cs: facee650d22cce5d32fb2e9dcc27015f -> cf7a6b99ede188946237b92d8409c95b
  custom:scripting/monoscript/fileName/AttachPointVelocityTracker.cs: 015e5018df5f758ff529fdf2dedd538a -> d482264d794bf4554b73be22cf1f43d3
  custom:scripting/monoscript/fileName/TweenableVariableSynchronousBase.cs: 8f6297df34271fdb1ce2d9607ec6261d -> 90647cc400823b41df847a6cbfc29026
  custom:scripting/monoscript/fileName/XRSimulatedHMDState.cs: ddc6e7c2afba05a20a0669c8ddfbf775 -> 67b8ef23063199b1108679be9daa890b
  custom:scripting/monoscript/fileName/ColorAffordanceThemeDatumPropertyDrawer.cs: 3059cef2a70ac91c8f4a50034c9bbb58 -> 1d14f445ba1003d3fb8b377f4589be86
  custom:scripting/monoscript/fileName/RegisteredUIInteractorCache.cs: 8b815cb822567f451b76691dd1133007 -> 2a82fb802431ec83ae4d05db3471d0c6
  custom:scripting/monoscript/fileName/XRInputDeviceQuaternionValueReader.cs: 1496e9a27ba45a2a31dc1620d0c372ec -> 
  custom:scripting/monoscript/fileName/Vector2MaterialPropertyAffordanceReceiver.cs: 3c30f57ef17ecf76e95400a38b0f973e -> 94c9e880b21073ef2d8eaa2503fb3bad
  custom:scripting/monoscript/fileName/ClimbSettingsPropertyDrawer.cs: 673f6345fa5247b974b13324a86c6676 -> c3b6932a63ffe783ecb306e11579f607
  custom:scripting/monoscript/fileName/ScreenSpaceRotateInput.cs: acfa88e53b8d0dc856be70abde514916 -> 
  custom:scripting/monoscript/fileName/XRDistanceEvaluator.cs: 997653b3972afefd9cb86666621f520a -> c86db23a931fbdba1c600eb337e40d37
  custom:scripting/monoscript/fileName/InteractionAttachController.cs: c90e8a522871d1fa3d7435305ea776d2 -> 
  custom:scripting/monoscript/fileName/ARPlacementInteractable.deprecated.cs: 0f952c7a0c3c29860ccbca1d427bec1b -> 
  custom:scripting/monoscript/fileName/ColorAffordanceReceiver.cs: d651ff3af8e9ad81651071c9479b60b9 -> adcd00ecaa7c1a37b75997962e169377
  custom:scripting/monoscript/fileName/ARAnnotationInteractableEditor.deprecated.cs: feacd83fb34fbdbaaba2866ed6df0e1a -> 
  custom:scripting/monoscript/fileName/Vector2TweenableVariable.cs: 6b0fc27d5c9c499b079e04a827993b54 -> 0322bc8d809ad2b0c334f484c41ddd7d
  custom:scripting/monoscript/fileName/InputActionUtility.cs: 5df040480cf297a677457f83eb48732d -> 
  custom:scripting/monoscript/fileName/SnapTurnProvider.cs: 02186e67af3a4cf86a8e5e205030ade8 -> 
  custom:scripting/monoscript/fileName/ARBaseGestureInteractableEditor.deprecated.cs: 188a3623d86ce2f7e75cac0b17ce4b50 -> 
  custom:scripting/monoscript/fileName/HapticsUtility.cs: e320c62eb66fd23e78f6958dca592f3d -> 
  custom:scripting/monoscript/fileName/BaseAffordanceTheme.cs: a53f96815da50de15010b1c479bc70cf -> 0cdf409b5aa8d4c25876d72b5c6a3b60
  custom:scripting/monoscript/fileName/XRInputDeviceVector2ValueReader.cs: db6665d4bdf2b2811f0eb0294f6e62ed -> 
  custom:scripting/monoscript/fileName/PokeStateData.cs: da74f58272b01289d589c2a5fa8ac26c -> 47b64c5a79f7fc70cb3a731d5c0c436f
  custom:scripting/monoscript/fileName/XRSimpleInteractable.cs: 5aa4d3ed774361188dca002ef13e037b -> 22266363f826248f737f4dd3989d14d6
  custom:scripting/monoscript/fileName/IMultiPokeStateDataProvider.cs: 30995c609338e91b50442c60bf3b17f8 -> 3235ded9b44c7a5c31f9495006719974
  custom:scripting/monoscript/fileName/AudioAffordanceThemeDatum.cs: 9fd5f37e2bd5b62ec096f1e31bfb7637 -> d875c0527be46192f03366954f6ddda3
  custom:scripting/monoscript/fileName/XRAngleGazeEvaluator.cs: 193109d1852f245751c512aac6f74bbe -> 0202d7b311bfc86c3790acbe21cd90d2
  custom:scripting/monoscript/fileName/SectorInteractionEditor.cs: d21cdc64037c1e1122183a5435a777a3 -> 151ad5d7c074b6f21d55649a3ad1085a
  custom:scripting/monoscript/fileName/IXROverridesGazeAutoSelect.cs: cb96ca3baf224935416fddd1ac06ab6e -> 9e7a16e834b5aff2bae7d3e31df3d8ed
  custom:container-muxer-webm: aa71ff27fc2769a1b78a27578f13a17b -> 
  custom:scripting/monoscript/fileName/CanSelectMultipleAttribute.cs: ed112fa4a221a05dbfaadcc780fd06cb -> 67e3e05536aed858f8535f90720a6096
  custom:scripting/monoscript/fileName/XRInputDeviceHapticImpulseChannel.cs: 7914ae3b96eef92f70f28327dd07bf9c -> 
  custom:scripting/monoscript/fileName/XRBaseInteractableEditor.deprecated.cs: 7d654a2b5b3a10da3e7d8472196e96d1 -> 90647cc400823b41df847a6cbfc29026
  custom:scripting/monoscript/fileName/XRInteractionEditorSettingsEditor.cs: 9dabbd0f7b696632df7a05bb7a0d9ca2 -> d3da9869f4c69482bb7579aec88d7d21
  custom:scripting/monoscript/fileName/TweenableVariableAsyncBase.cs: 8f6297df34271fdb1ce2d9607ec6261d -> 90647cc400823b41df847a6cbfc29026
  custom:video-decoder-webm-vp8: 9c59270c3fd7afecdb556c50c9e8de78 -> 
  custom:scripting/monoscript/fileName/ConstrainedMoveProvider.deprecated.cs: 90647cc400823b41df847a6cbfc29026 -> 
  custom:scripting/monoscript/fileName/HapticImpulseSingleChannelGroup.cs: f7a3e31a0c2c55bc647b8ec4a0fac508 -> 
  custom:scripting/monoscript/fileName/XRSimulatedController.cs: 2c611b71eec45ed6fa37c36d284e92a5 -> 220b0899d606c487f90fe17be8309d8c
  custom:scripting/monoscript/fileName/XRDeviceSimulatorSettingsEditor.cs: fba5c2f2d32cc2615dd21943f49b8ea5 -> 517a67ef2caf0a9e7551aba194b19b44
  custom:scripting/monoscript/fileName/SimpleHapticFeedbackEditor.cs: c8bffe0c836f488ae89081b2088cdeac -> 
  custom:scripting/monoscript/fileName/ITeleportationVolumeAnchorFilter.cs: ef7d79e89fa42baba2020396f20cb62c -> 475b2bf7b30ab93a3b3ee12dba4094b9
  custom:scripting/monoscript/fileName/XRInputDeviceButtonReader.cs: c340ab637ac76602e63d6bbdeaa58ac0 -> 
  custom:scripting/monoscript/fileName/XRInteractionEvents.deprecated.cs: e06e2db327391d429c9bcdeb0ac85dcd -> fcbe309a50f7b71f80088484b27d0c2a
  custom:scripting/monoscript/fileName/Vector2AffordanceThemeDatumPropertyDrawer.cs: 5710242de5146e2f8d548b423ad34a98 -> d077c33db6b646114098a3e0fca4f6ee
  custom:scripting/monoscript/fileName/IFarAttachProvider.cs: 180798cb2282f898a1931ddee29af852 -> 
  custom:scripting/monoscript/fileName/IXRInteractionStrengthInteractor.cs: 69f2642e651804c747564bdb16563c66 -> 3b07c5b259081c0e16293ec927e23818
  custom:scripting/monoscript/fileName/XRInteractorAffordanceStateProvider.cs: 3240aae8a0809a4d1697b57dcdf7d250 -> 919670466ffd9cea221a8213903cf3fb
  custom:scripting/monoscript/fileName/XRControllerState.cs: c6431f6a29754afc80d55d5c0d223c54 -> 400272f33c9d8ebbdc39a92f2e4c2899
  custom:scripting/monoscript/fileName/BurstGazeUtility.cs: c9f6b60b25010e097e63e5374a174a74 -> 77f225b25b67f7dc0beda4d53be50b39
  custom:scripting/monoscript/fileName/XRInputReaderUtility.cs: 12e5215dd936c9c1888c7c35ac0832fc -> 
  custom:scripting/monoscript/fileName/Vector3AffordanceThemeDatum.cs: 54d41acd5332ecf6d558e2ba92f30fa9 -> ed26cb399c4489f28264e63c01c35cfa
  custom:SearchIndexIgnoredProperties: e643bd26f0fe6173181afceb89e7c659 -> 
  custom:scripting/monoscript/fileName/InputHelpers.deprecated.cs: f8e4f3001fb288daafc75ef168dc221b -> 
  custom:scripting/monoscript/fileName/IXRHoverFilter.cs: 3292851f9f87f9134991e6a553ebd9b9 -> 23544edc3d19a1917e5736111e2556f0
  custom:scripting/monoscript/fileName/ColorTweenableVariable.cs: 5e995bdac5746b1f4946c7b6b9860bd5 -> c3dbf8ddc57eed6b9a799635a76f2e3c
  custom:scripting/monoscript/fileName/IXRTargetEvaluatorLinkable.cs: 9681540b380037b5bea927cd10995af7 -> 1eb61396c3bae810b948dd868452d66e
  custom:scripting/monoscript/fileName/PokeThresholdDatumProperty.cs: 2df6cf0e7130614794aa8f1a2d86d867 -> 5bd134dc122f590a0f786513b7bb1d0a
  custom:AudioImporter_EditorPlatform: 3918e3fc78b5a79bad01e8451be0beb8 -> 
  custom:scripting/monoscript/fileName/IXRAimAssist.cs: 545a5c081f8f08c11a938a1c40eb72e8 -> 9a3a178d18b922c8c0c4d82c5810444e
  custom:scripting/monoscript/fileName/InteractionState.deprecated.cs: 6ae1a6f6d7123935e078a06758bca9e0 -> 
  custom:scripting/monoscript/fileName/XRDebugLineVisualizer.cs: e074e8e20e2eb2cb8517759782096e75 -> 
  custom:scripting/monoscript/fileName/AudioAffordanceReceiver.cs: 661fdf6f85e5fb45d67539d72b8b11e5 -> 5d0abdfd7ee601eead404198f988feba
  custom:scripting/monoscript/fileName/ActionBasedContinuousTurnProvider.cs: 6a5130e7beba2eb2c19a157f4e0f3147 -> af1ca96d18cfd71782a9276612262e0d
  custom:scripting/monoscript/fileName/TeleportationAreaEditor.cs: 69cc19d88efac0c9f43f39331f6431ab -> 92ccce66a80aa3faeb1ac5964ec6c478
  custom:scripting/monoscript/fileName/Vector3AffordanceReceiver.cs: 2fdf53fe45aedd9b136120d8a7d4c3f7 -> f303c01869901c15f8fdcef5f7227924
  custom:scripting/monoscript/fileName/ClimbSettingsDatumPropertyDrawer.cs: 015459ab2458aee6013972680116d047 -> 30f9786920077b7aa320c56040ddf27c
  custom:scripting/monoscript/fileName/XRInteractionEditorGUI.cs: 31a71b28fdb4a0d94e702a59e0fad6e4 -> 55af97c9a6ccfdcb3df6e1486a21ed56
  custom:scripting/monoscript/fileName/ARBaseGestureInteractable.deprecated.cs: c3f713313e9e1e04434fafd6b5a4d3e5 -> 
  custom:scripting/monoscript/fileName/TeleportVolumeDestinationSettingsDatum.cs: 8ceba618bfeae31ee329dc714847fe36 -> 020673c79e62b682ec6a866d090cff3a
  custom:scripting/monoscript/fileName/FollowPresetDatum.cs: aa11bab9c4c7e3d19f8e1a7a7026bb69 -> dd28b1821b9d20403bba5e57297475f1
  custom:scripting/monoscript/fileName/XRBaseTargetFilter.cs: 09e56323cc9c2b5e752e51dcf1841855 -> 5f1f092e342b8103bc264d5861a4642e
  custom:scripting/monoscript/fileName/DeviceBasedContinuousMoveProvider.cs: d8a79bf362f191674df5138b4fe486b7 -> 691ce08451213137e025232be75f0dcc
  custom:scripting/monoscript/fileName/ClimbInteractable.cs: 5319d74070031b0ce5cd0566e0dced24 -> 697fcffdca8404a1b7fb3d7eb6885fa5
  custom:scripting/monoscript/fileName/Vector2AffordanceReceiver.cs: 164805d4b60e0b88e6aa31f2ea94097f -> 59632cd144e13a158775d96450cf554a
  custom:scripting/monoscript/fileName/XRMainCameraFactory.cs: 5ad8130b4a0fb2267e4d21757afcbd6f -> 34b6c1d6c1dc49c89dc2d09ef6dc5eff
  custom:scripting/monoscript/fileName/XRBaseControllerEditor.cs: 0766d91ec6ca6a02acc42cbe6177f064 -> 4a8277345c89f9cee07bb349e804d528
  custom:scripting/monoscript/fileName/Vector4AffordanceThemeDatum.cs: b9e942d9e655e15af8605dfca914c377 -> 2924804b02cb62328e6008d577c055d7
  custom:scripting/monoscript/fileName/TouchscreenGestureInputLoader.cs: 3f12cc9afc0f43b2223ef3e8f9119e3f -> 
  custom:scripting/monoscript/fileName/CurveInteractionCaster.cs: 3bcedfab558512637968b7c4a2c45d9b -> 
  custom:scripting/monoscript/fileName/TeleportationMonitor.cs: 3d8092af65f0e2c2abe3a454ff8b130d -> 73b1877846603eb247a39762b57363fd
  custom:scripting/monoscript/fileName/XRInputValueReader.cs: 8edef4fc53f3929c84bd93fa228df715 -> 
  custom:scripting/monoscript/fileName/ClimbSettingsDatum.cs: 33e6444fda89e554140117a12d46ea3e -> 777f60a3ae3c1a945df25fa7d8db74b2
  custom:scripting/monoscript/fileName/ClimbSettings.cs: a2a4b61bc80841e7403593506ce14528 -> 898dc164cfe064d19971aee6b875420a
  custom:scripting/monoscript/fileName/TeleportVolumeDestinationSettingsPropertyDrawer.cs: 34c1831100b086cc26289e50a652ee5d -> 82b59bd99a41780563c6e1e6215720b2
  custom:scripting/monoscript/fileName/BaseAffordanceStateProvider.cs: cf459a1f458a0eb10cd7af37f7164d88 -> 6b87bc4e96a7e06e1848112b90d4fbe5
  custom:scripting/monoscript/fileName/ARScaleInteractableEditor.deprecated.cs: 8869eed257acd65b5ba1d42af8459ff9 -> 
  custom:scripting/monoscript/fileName/SmallRegistrationList.cs: 8f6297df34271fdb1ce2d9607ec6261d -> 90647cc400823b41df847a6cbfc29026
  custom:scripting/monoscript/fileName/ContinuousTurnProviderBase.cs: 99ba3cd9b19bedd2f5c6ea386892860b -> 9192fea1bd87c523c7a81cc0bd177ad9
  custom:scripting/monoscript/fileName/HapticImpulsePlayer.cs: 14d8d1d72cdaba27e519d3f51569e7d9 -> 
  custom:scripting/monoscript/fileName/NavigationModel.cs: 6ed06253f759151501b6bc29f746391f -> 67717a4a0263d411f10eb22e3d21c8b0
  custom:scripting/monoscript/fileName/XRTargetEvaluatorEnabledDrawer.cs: 9747a9d1b697276140d391f079499244 -> 541b6aec5ac5006f13b8c9baf582b37e
  custom:scripting/monoscript/fileName/XRRig.cs: 2a4eb3486076dfa81a35463e512bc7ac -> fe5743975d6210e85fcd46c44b3f6de4
  custom:scripting/monoscript/fileName/XRGazeAssistance.cs: 644ab2726d058af1d1a6875dfdd220e0 -> 2b48996e27dc91b150392d9b347b7ac6
  custom:scripting/monoscript/fileName/FloatAffordanceReceiver.cs: bab1b8dd081d8857f73ab615536e3443 -> f36f1241636952fe012b144a04dc358a
  custom:scripting/monoscript/fileName/IXRInteractor.cs: 7cb1734fad82379bc9b1319bf3aa8ca8 -> bacaa8b418337e7d2012dbb458467d4f
  custom:scripting/monoscript/fileName/FloatAffordanceThemeDatum.cs: 3d453aa368329e5d7a5c9f1395b54525 -> 4f85946f92eddc0b1e66d1e89a2f19bd
  custom:scripting/monoscript/fileName/TweenJobData.cs: 8f6297df34271fdb1ce2d9607ec6261d -> 90647cc400823b41df847a6cbfc29026
  custom:scripting/monoscript/fileName/QuaternionEulerAffordanceReceiver.cs: 8e1531854420cfb32cd934c8756ee89f -> b59721a50e4d57b39fec6d1f3d61e33a
  custom:scripting/monoscript/fileName/LocomotionState.cs: 5f935c83f9bf1ad916b2fe07c8077835 -> 
  custom:scripting/monoscript/fileName/CurveInteractionCasterEditor.cs: f8d487036bc204036b33145c8a90fe6d -> 
  custom:scripting/monoscript/fileName/XRTargetEvaluatorList.cs: 8540f5e4a30a5a7092a3e71454424016 -> 6eac206cdf0dec66a9b2dd3760cf63d8
  custom:scripting/monoscript/fileName/XRInputDeviceVector3ValueReader.cs: 53965d474cd4a5dc0545c311c952040a -> 
  custom:scripting/monoscript/fileName/SimpleHapticFeedback.cs: f7ae35ac282cbfb351cb8fe288238fe1 -> 
  custom:scripting/monoscript/fileName/XRControllerEditor.cs: 680de1ef5038f6d56bc0d47f97d65878 -> 133b3580a38a6d5d59df465a1c23affe
  custom:scripting/monoscript/fileName/InputFeatureUsageString.cs: 90647cc400823b41df847a6cbfc29026 -> 
  custom:scripting/monoscript/fileName/ClimbTeleportInteractor.cs: 757255a6ffad3ade0ae458d415fe595b -> dbf3284117545850a66ddc719b6d4e8e
  custom:scripting/monoscript/fileName/XRSimulatedHMD.cs: c43bc1c99e92f5fe61d7152daad8a80e -> 7c9ef5d74f30c596b81cdb93105bad0c
  custom:scripting/monoscript/fileName/TouchscreenHoverFilter.cs: 057b843742dda11adf53a737646651c2 -> 
  custom:scripting/monoscript/fileName/CurveVisualController.cs: d833cfdca88d954a463782f9d43da234 -> 
  custom:scripting/monoscript/fileName/InputActionPropertyExtensions.cs: af4992fac66f190c650ead2db37a0f74 -> ea8bb1bd97ad26e2ffc07c6f1f4155fe
  custom:scripting/monoscript/fileName/DeviceBasedSnapTurnProviderEditor.cs: 45e5f1138581f0d0ba3ae218722d2ac1 -> 18ec78615f99824d22fe22f5a7e9b9e4
  custom:scripting/monoscript/fileName/XRInputButtonReaderPropertyDrawer.cs: 34a8e80f10a2f764a6af460d18d52105 -> 
  custom:scripting/monoscript/fileName/XRInteractableSnapVolume.cs: 174c01947803bd28cb19891781a77932 -> 2a61bc4393fea3dfc216fd951db43df2
  custom:scripting/monoscript/fileName/IXRGroupMember.cs: 466c2ad2714ca6aa8a599ab10564b6df -> 2adfb2762aeb548049e6ead13be22c16
  custom:scripting/monoscript/fileName/ClimbSettingsDatumProperty.cs: e0aa0a3441b064c394e9eb06e14f061f -> 99c86e293be4b19e8df24786d487d2c2
  custom:scripting/monoscript/fileName/ScriptableSingletonCache.cs: 90647cc400823b41df847a6cbfc29026 -> 
  custom:scripting/monoscript/fileName/GizmoHelpers.cs: 8ff00b0a0cd78d86047e3ada7b178c8b -> 0533db0ace409f69a9d271988f0b3a14
  custom:scripting/monoscript/fileName/DeviceBasedSnapTurnProvider.cs: 87a426979a522fad37a22012c68e41d8 -> 37ea0e60c14f64ac846838a47b808c93
  custom:scripting/monoscript/fileName/XRRigEditor.deprecated.cs: 666abecb8cbae031a2004e24a4e80cb5 -> cb59f3002a49341845ae0ef971378b51
  custom:scripting/monoscript/fileName/XRTargetFilterEditor.cs: 4f7e394066573ff15f11c6336cdfacff -> 496b40b8d9551fd983b03674199e7240
  custom:scripting/monoscript/fileName/XRSocketInteractorEditor.cs: 492682ce5e031775fdfc6742abbca61c -> fbe6e5a7c259c288daa875b45a01b374
  custom:scripting/monoscript/fileName/IAttachPointVelocityTracker.cs: f77c11d1722cf1da6c294b36b2957330 -> 143182ae93a885862d5274ac83632382
  custom:scripting/monoscript/fileName/InteractionLayerMask.cs: 1ab81fe4032ca9c32b35d129051da098 -> a42b9f7c8a2aeb526d1f2d5fe27c2a70
  custom:scripting/monoscript/fileName/Vector3AffordanceThemeDatumPropertyDrawer.cs: bb949f40d832fd224f963be8607d22ef -> 533ca4be9b5324c83cf2aa3980cbbe64
  custom:scripting/monoscript/fileName/PokeThresholdDatum.cs: a1a4fddc80289ee532de08d5607db21e -> 143d99db9f4c45d535f173ced473564c
  custom:scripting/monoscript/fileName/XRMissingEvaluatorTypeList.cs: 3556f59f33c5218a033bdb1614593779 -> f0631c74741b00968c644482940e97ee
  custom:framework-osx-AVFoundation: e770b220cccbd017edd2c1fefb359320 -> 
  custom:scripting/monoscript/fileName/XRInteractionManager.deprecated.cs: 8f6297df34271fdb1ce2d9607ec6261d -> 90647cc400823b41df847a6cbfc29026
  custom:scripting/monoscript/fileName/ARTranslationInteractable.deprecated.cs: a703499d6b2e2d2647d170413b6e66f4 -> 
  custom:scripting/monoscript/fileName/FloatTweenJob.cs: af2bf86357e5300818b17d9ff2dec89f -> fe3df545fc2e7f49db682f5ae1e70968
  custom:scripting/monoscript/fileName/TunnelingVignetteController.cs: e4902fbd020365358435a94ea75db752 -> 7e92bdaa5e982395a368e20cf1eb9ff8
  custom:scripting/monoscript/fileName/IAttachPointVelocityProvider.cs: aaf66694862d58c9343eaa8bef3236f3 -> 6b99f5037740b8e7c8c22cabc2fc22c5
  custom:scripting/monoscript/fileName/Vector4MaterialPropertyAffordanceReceiver.cs: f917e77d76ab3e3f1a419369e10eb867 -> f5309be8be6e15acf768c2079f2aad6c
  custom:scripting/monoscript/fileName/XRInputModalityManager.cs: 7f7aeabd8a3626fa54a2b057a1e05686 -> aecc63f6a8911caebec1dea1326040fc
  custom:scripting/monoscript/fileName/TrackedDevicePhysicsRaycaster.cs: dc7932d95a513059c1f9eb6f71c55fb5 -> badbe4b4d308846ebd7b0f2668b54786
  custom:scripting/monoscript/fileName/MaterialPropertyBlockHelper.cs: 18843b9d467e260c74a0c2bcddf36e67 -> bc18d83f50ae0d2e4cd27478bad972f2
  custom:scripting/monoscript/fileName/IXRReticleDirectionProvider.cs: 29fe6e7f7b2de84e28207b791ba843b9 -> fd5077538084f75e3bda024f4dc828ac
  custom:scripting/monoscript/fileName/LazyFollow.cs: fe16a2232430700c6574d46bc6e1d06a -> 3c5ec47ad1ed59d174bbce5afecd9d8a
  custom:scripting/monoscript/fileName/ScriptableConstrainedBodyManipulator.cs: d2919a2e32ac5f11c6e1e374bb398b7f -> 
  custom:scripting/monoscript/fileName/BurstMathUtility.cs: 601c6c93a6d42f9317cd588ba67b0a20 -> d4b4ef7c9d36fce3201cb47755d48cfa
  custom:scripting/monoscript/fileName/XRBaseInputInteractor.deprecated.cs: 0cdf409b5aa8d4c25876d72b5c6a3b60 -> 
  custom:scripting/monoscript/fileName/TeleportationAnchor.cs: 7af8cfea881646a7b1300e96d26e35b3 -> e4458ea15c3ed0e637cdab6f7eb90ccd
  custom:scripting/monoscript/fileName/XRLastSelectedEvaluator.cs: 19019a20f641f4b8d5044f521a792782 -> d933592c57a79ec1fcab412144e850a0
  custom:scripting/monoscript/fileName/IUIModelUpdater.cs: bdf2bade385a60c2718902d42504eeac -> 
  custom:scripting/monoscript/fileName/XRInteractorReticleVisual.cs: 75844b26d0676d03c3db1c6278bd4a6e -> 1b0447df1a35ff180dfa52cea213f332
  custom:scripting/monoscript/fileName/XRBaseGrabTransformer.cs: 6314da4db4877f7cd8efd4bcd20f33d5 -> b250b844e0c831f01d6a3a323cf63458
  custom:scripting/monoscript/fileName/MenuUtils.cs: ef61e56f05605c149332b0b451f694ed -> 
  custom:scripting/monoscript/fileName/XRInteractionUpdateOrder.cs: e302958c1f2b7c8afb0547d639d101e4 -> 5874723d3e1c8322f93c8d0483a7949b
  custom:scripting/monoscript/fileName/InteractionLayerSettings.cs: ef15f31c5eb254c6f1e14eacefe7789a -> 75c2865b9d94ae8235148408f65f56fa
  custom:video-encoder-webm-vp8: eb34c28f22e8b96e1ab97ce403110664 -> 
  custom:scripting/monoscript/fileName/NearFarInteractorEditor.cs: dab6bcdeb3088e0b643efd3f273a24f7 -> 
  custom:scripting/monoscript/fileName/BaseSynchronousAffordanceStateReceiver.cs: 8f6297df34271fdb1ce2d9607ec6261d -> 90647cc400823b41df847a6cbfc29026
  custom:scripting/monoscript/fileName/NativeCurve.cs: 8a73c41ae1614474d8c8b18a74998bfd -> 39244467e1c5f969b9f4cd9ce148b8f1
  custom:scripting/monoscript/fileName/XRBodyTransformerEditor.cs: fd4ae9397a1a27977e713a0abcd5fe4d -> 
  custom:scripting/monoscript/fileName/TunnelingVignetteControllerEditor.cs: bec5778a8e8dae2a5f8b718e3e2f0ef1 -> 445c827857bfb48a8f2792356cc370e2
  custom:audio-decoder-ogg-vorbis: bf7c407c2cedff20999df2af8eb42d56 -> 
  custom:scripting/monoscript/fileName/TrackedDeviceModel.cs: 7ad070a445f46a2a0c683cde136efb68 -> 7aaaa20be082d1f9ec0a05ae8a9774e0
  custom:scripting/monoscript/fileName/ARTranslationInteractableEditor.deprecated.cs: 928d24cdfcc1575ed4a8e19c1f8f478c -> 
  custom:scripting/monoscript/fileName/ARSelectionInteractableEditor.deprecated.cs: 9653fbc682261a998e7ae0c42ca1fa53 -> 
  custom:scripting/monoscript/fileName/EditorComponentLocatorUtility.cs: 23a2a6b997d8e1245346e01589da98b9 -> 0b086b7f41bf64d52466885c0b670e3c
  custom:scripting/monoscript/fileName/TwoHandedGrabMoveProvider.cs: cea58427b0cae99e36f8fdc00235c952 -> 0164e95bb5bdf264f500e6e363a53f6f
  custom:scripting/monoscript/fileName/LinkedPool.cs: a53f96815da50de15010b1c479bc70cf -> 0cdf409b5aa8d4c25876d72b5c6a3b60
  custom:scripting/monoscript/fileName/ISynchronousAffordanceStateReceiver.cs: 9d34bf257f309b425d978d71f2df2e21 -> 9c6146f08a55f42513d22353fd71fedc
  custom:scripting/monoscript/fileName/Vector3TweenableVariable.cs: 50c6fbb45c9c16a8155945acb00cfa13 -> cc95da2d3682b8fe6102773ef6c72379
  custom:scripting/monoscript/fileName/SimpleAudioFeedback.cs: 69275d5b62254adf2846d3e309176ff6 -> 
  custom:scripting/monoscript/fileName/SimulatedInputLayoutLoader.cs: 3bcb299e195bd762046f2051b5b87180 -> 3895850963409b8abfbb332bbccc34de
  custom:scripting/monoscript/fileName/XRDeviceSimulatorLoader.cs: 5d01e51e0bf12ae8d2a9e85e035a78d5 -> 2fc387590d6612896e401fe69bd6698e
  custom:scripting/monoscript/fileName/ARSelectionInteractable.deprecated.cs: e2305d6a29bf9aea60c3fdbae74c936c -> 
  custom:scripting/monoscript/fileName/CurveUtility.cs: 824ed99bec2b340a8445a7a4b1f48831 -> 01ae726ba285f25f600b022f52be8a76
  custom:scripting/monoscript/fileName/IXRBodyTransformation.cs: 7bb5e5faf0df8d218ee3092ab67964f9 -> 
  custom:scripting/monoscript/fileName/RegistrationList.cs: a53f96815da50de15010b1c479bc70cf -> 0cdf409b5aa8d4c25876d72b5c6a3b60
  custom:scripting/monoscript/fileName/XRInteractorLineVisualEditor.cs: 93792f81638d9cad32cd33f9a18f0afa -> d59e751310a6868afd785ca4d134c667
  custom:scripting/monoscript/fileName/XRHelpURLConstants.cs: d192501a91f4241a1fc505990f192777 -> 7a5beb455c744c93847a166db6e29e55
  custom:scripting/monoscript/fileName/GradientUtility.cs: 73313c7e03e84e2b6db341a583fb3b56 -> 
  custom:scripting/monoscript/fileName/IXRPokeFilter.cs: 9c88e906e07bd3bd20ac3ffe2d7b3f2e -> 61f6c3fc14b27d84607f59daa21c68dc
  custom:scripting/monoscript/fileName/QuaternionAffordanceReceiver.cs: 6a839eb46bc0531194f3bb5ba111e7a3 -> f43c59723a73dd058ea74da3f970f0ee
  custom:scripting/monoscript/fileName/Vector2AffordanceThemeDatum.cs: a646cce71fff2734c7e5566f1d2578ad -> c729e294a83befa1d794c55302991d0b
  custom:scripting/monoscript/fileName/XRInputValueReaderPropertyDrawer.cs: 0783f130fa8d614ae4b16fa9b1f6ec9b -> 
  custom:scripting/monoscript/fileName/XRFilterUtility.cs: db65864c69b40a08ae0009bc48307e63 -> 8226460e1ada394570fd699b1d8b572a
  custom:scripting/monoscript/fileName/XRTargetFiltersTreeView.cs: aadfc3fb0f25e465eabd7ff0c8fa2a2a -> a8bfe257778517a1b61130f595a997c2
  custom:scripting/monoscript/fileName/IXRActivateInteractable.cs: 7922496615c6ac1d6757cc112db967f3 -> bd444fbf0b78d39507a2b2f840f5662e
  custom:scripting/monoscript/fileName/XRBaseInteractorEditor.deprecated.cs: 7d654a2b5b3a10da3e7d8472196e96d1 -> 90647cc400823b41df847a6cbfc29026
  custom:scripting/monoscript/fileName/CreateUtils.cs: 511fa2fd44656cd69eafc454a7de225b -> 46d4e693aea412a55fa81beae823cb64
  custom:scripting/monoscript/fileName/TeleportationProvider.cs: da4a4f744e20d6326f17634d614713de -> 83deebcfc95699a5a96894e5094e196e
  custom:scripting/monoscript/fileName/ReadOnlyReorderableList.cs: 8f6297df34271fdb1ce2d9607ec6261d -> 90647cc400823b41df847a6cbfc29026
  custom:scripting/monoscript/fileName/XRInputDeviceInputTrackingStateValueReader.cs: d1e9207e108313deeac629549ef8aa18 -> 
  custom:scripting/monoscript/fileName/HapticImpulseCommandChannelGroup.cs: 97ff05cbc5dbf8935735c5c5a3385c73 -> 
  custom:scripting/monoscript/fileName/XRBaseInteractable.deprecated.cs: 8f6297df34271fdb1ce2d9607ec6261d -> 90647cc400823b41df847a6cbfc29026
  custom:scripting/monoscript/fileName/HandMenu.cs: eeee0b1f5cbec66a64c04693e2ad78ce -> f5aec5c2bc2defca6d63b84dbaab0a37
  custom:scripting/monoscript/fileName/FloatTweenableVariable.cs: bbe3fa1648b46898fde49cc75769e64c -> 59d482573b9d02709bc9395dcc154761
  custom:scripting/monoscript/fileName/XRInteractionGroupEditor.cs: db13d262418c49904455d37b869fd220 -> 5f35b404ca88519fc4dfc135c2b4cd54
  custom:scripting/monoscript/fileName/XRGrabInteractableEditor.deprecated.cs: 0cdf409b5aa8d4c25876d72b5c6a3b60 -> 
  custom:scripting/monoscript/fileName/XRBaseControllerInteractorEditor.cs: d17df6bae29459e3c89a6511d44f694a -> 6bec69b3ee1c7b958fa38a8f9a02e7a1
  custom:scripting/monoscript/fileName/FloatAffordanceThemeDatumPropertyDrawer.cs: 43ca547b88cc4e67d67f1da14396eb02 -> ae7db95eecc24a14bcd493b70e203e93
  custom:scripting/monoscript/fileName/XRSocketGrabTransformer.cs: d30a1012bfb94435e3b45e4815c3e1f1 -> 01b82773be4212bebc7bb9162e7b03ac
  custom:scripting/monoscript/fileName/MouseModel.cs: 2017b3616ab4a09bb1a970e2059a6870 -> 2ec01fc1524708be161d87ced09f8fd9
  custom:scripting/monoscript/fileName/ICurveInteractionCaster.cs: 006d8e07ffbc5aebf434591be6009d50 -> 
  custom:scripting/monoscript/fileName/ARPlacementInteractableEditor.deprecated.cs: 8fc9b2109f918704700113fee17b0cd7 -> 
  custom:scripting/monoscript/fileName/ColorMaterialPropertyAffordanceReceiver.cs: 8d74b63b1ce1aa8ccde37baf5937bba0 -> f73f319339a5d136a9142eb8b57189f9
  custom:scripting/monoscript/fileName/TeleportVolumeDestinationSettings.cs: 6fbf8e650fc2dca44ee6f26fbff1f836 -> fa963ea71d32f731a6b2e6c677ddeda2
  custom:scripting/monoscript/fileName/XRInputDeviceHapticImpulseProvider.cs: ae99f09e99de55efe0c5b2f8d4619ed4 -> 
  custom:scripting/monoscript/fileName/BaseTeleportationInteractable.deprecated.cs: 8f6297df34271fdb1ce2d9607ec6261d -> 90647cc400823b41df847a6cbfc29026
  custom:scripting/monoscript/fileName/ARRotationInteractableEditor.deprecated.cs: 0b8c2e7e563b410957ce9fd7da06b96d -> 
  custom:scripting/monoscript/fileName/XRBaseInputInteractorEditor.deprecated.cs: 849ed7f5b11c9db237ef61b01c5a5104 -> 
  custom:scripting/monoscript/fileName/InputActionManager.cs: ac8dee7764be24da2327d9ff3e7dba17 -> 167b131b81ef251e0f316ffc8d93b793
  custom:scripting/monoscript/fileName/IXRInteractionOverrideGroup.cs: e1239e44cd56fa326de8f1e4248f8373 -> 45129facc114a8e91c7fb83710a5e6bc
  custom:scripting/monoscript/fileName/SnapTurnProviderBase.cs: c424ca165cc414b9b270f9acbf8ec65d -> dc2a13b0bb50b32ab22f287a4afa7a7d
  custom:scripting/monoscript/fileName/HandExpressionName.cs: 7b90344cc9ca1dc7416c4e9e84233020 -> ca6e0274ed8c91cc117104b3a7cee539
  custom:scripting/monoscript/fileName/InteractionLayerSettingsEditor.cs: 0bd99cd72adf01fce22395f468995c64 -> f6cc0affb94e42b08693a91465ffe8ff
  custom:scripting/monoscript/fileName/ClimbProvider.cs: 5c38cc49f27cf47d25d4f80dac83dd5b -> d84ca1b3c0fe1de589e8a4c223d55e25
  custom:audio-encoder-webm-vorbis: bf7c407c2cedff20999df2af8eb42d56 -> 
  custom:scripting/monoscript/fileName/XRInteractionEditorUtility.cs: f66be54fe6a695038737c99e98695623 -> 2ab54db5b629fe0151ff95e955386fc8
  custom:scripting/monoscript/fileName/SortingHelpers.cs: 63a7d5d9b305979fee6e38d40e451f57 -> 428c967c3a2f2c6392b18a0d35d823aa
  custom:scripting/monoscript/fileName/UnityObjectReferenceCache.cs: 0cdf409b5aa8d4c25876d72b5c6a3b60 -> 
  custom:scripting/monoscript/fileName/IXRScaleValueProvider.cs: 0d7158c3d56cb00d375bc887fc6a35a2 -> f0b18f687f463ee3bae60d8709e9d23a
  custom:scripting/monoscript/fileName/MultilinePropertyControl.cs: 77fb6d07a48a01930d8e1ced26407f42 -> 
  custom:scripting/monoscript/fileName/MaterialHelperBase.cs: 185bef5eca04f6c1e4880362d11ae344 -> c5a03ffcc840f5fe80388816e4210849
  custom:scripting/monoscript/fileName/XRInteractorReticleVisualEditor.cs: 7f44e2bf46e1d49418dfc770351739d5 -> 040aa111fed85ffa3a891f44456494b4
  custom:scripting/monoscript/fileName/XRInteractionManagerEditor.cs: 95b65d4f8ba410676c25ca80a01c67a7 -> 27c2c0f41d2bce5722ec76e22c8366b4
  custom:scripting/monoscript/fileName/IXRDropTransformer.cs: 928a08d617708acc0415941d03aec9cf -> 9a651ee93d10d51b179519d3562c3081
  custom:scripting/monoscript/fileName/BaseAffordanceStateReceiver.cs: 8f6297df34271fdb1ce2d9607ec6261d -> 90647cc400823b41df847a6cbfc29026
  custom:scripting/monoscript/fileName/HelpBoxPopup.cs: c896b7f7789693c74ce9fa49822b4852 -> 
  custom:scripting/monoscript/fileName/ARGestureInteractorEditor.deprecated.cs: 928fec843644c545b7c33c5c882a6d90 -> 
  custom:scripting/monoscript/fileName/ColorGradientLineRendererAffordanceReceiver.cs: d2151c5bf04f6ac4f89a52c2d33a9b33 -> f6c60cd428b896c30eb5f3ca4230f364
  custom:scripting/monoscript/fileName/ITweenJob.cs: 8f6297df34271fdb1ce2d9607ec6261d -> 90647cc400823b41df847a6cbfc29026
  custom:scripting/monoscript/fileName/XRTargetEvaluatorEnabledAttribute.cs: bc1a1d9ce8f65b6d1ea5d24f250b2e96 -> 7f53d7530fead7c3cdab4a7ef834ec0f
  custom:scripting/monoscript/fileName/ActionBasedController.cs: 813682813b87a40bd0fe21de6d46c7d8 -> 17fe007574651473d4b4a50c472ccb10
  custom:scripting/monoscript/fileName/XRBodyTransformations.cs: dd70f871f32bddbe6909a583f7a7d78a -> 
  custom:scripting/monoscript/fileName/IXRBodyPositionEvaluator.cs: f630e8dabe18adb436814b73200fdeea -> 
  custom:scripting/monoscript/fileName/BaseInteractionEditor.cs: 75cb7fffd09556c448d4f39408deb08c -> 7e2ab6eabe33a085ced4c9c5a77fc067
  custom:scripting/monoscript/fileName/GrabMoveProviderEditor.deprecated.cs: 0cdf409b5aa8d4c25876d72b5c6a3b60 -> 
  custom:scripting/monoscript/fileName/IXRCustomReticleProvider.cs: a0acbc6ae400e41e213e7d0e23634e71 -> 43d121b58d7afb6983b968ae1c20e8d2
  custom:scripting/monoscript/fileName/ARAnnotationInteractable.deprecated.cs: 1c1b89a97feaefc02bfceb17a35996d5 -> 
  custom:scripting/monoscript/fileName/IXRHapticImpulseChannelGroup.cs: ee9ceecc6b0e7c527259cfbc9eb8ea8d -> 
  custom:scripting/monoscript/fileName/IXRTargetPriorityInteractor.cs: 9c54b8212bb5a46f6a3c8d3f686724d0 -> 24d6ec2f7a8cd239feeb9ea80308601e
  custom:scripting/monoscript/fileName/ImageColorAffordanceReceiver.cs: 361e6fb9ce8a8373683c4e66e089f9d9 -> 603dee3758540afb7530f2df6d9abea7
  custom:scripting/monoscript/fileName/ColorAffordanceThemeDatum.cs: 21bca24f5044d562558da7ed46ef102d -> b4b3b8220ba7b68a3d27a356838145d7
  custom:scripting/monoscript/fileName/IXRTargetFilter.cs: 6fad2b02ffeae7daa251477df48f1fd6 -> 357cdd1f33abf539badf767cd16a240d
  custom:scripting/monoscript/fileName/XRInteractableUtility.cs: 3c51f600061b7372557b94752fb19bd9 -> 2166c9d829bc108ffe4c50d73b002a48
  custom:scripting/monoscript/fileName/HandExpressionCapture.cs: 3ada11cb7170f83bca0e464562be40f0 -> 79a65da58c2a526c97c6c089768712fb
  custom:scripting/monoscript/fileName/XRInteractorsTreeView.cs: 155752aeb5d16f80384139a1b3c3d642 -> 166e43a17a5e14f5b5d8df91f1a8f2bb
  custom:scripting/monoscript/fileName/CardinalUtility.cs: 82d9b054f3f7d5bdfd1dc4794a795596 -> 6a22dbb5ac678ef2dc1a53774c3f693f
  custom:scripting/monoscript/fileName/UniformTransformScaleAffordanceReceiver.cs: 72e2261d5574f0880b9c0bf90fb80549 -> f3107034e239f550854d31e2a7d3cf78
  custom:scripting/monoscript/fileName/XRDeviceSimulatorSettings.cs: a4ee747c50062b305b014c89d85ec272 -> ed11d79f0e7d190a3f3a6746b2261cd7
  custom:scripting/monoscript/fileName/XRTintInteractableVisual.cs: 1a2578d9b594e482371700d125bd397f -> c4a8e8b8a5508c010b22b189b1154dca
  custom:scripting/monoscript/fileName/XRControllerRecording.deprecated.cs: 8f6297df34271fdb1ce2d9607ec6261d -> 90647cc400823b41df847a6cbfc29026
========================================================================
Received Import Request.
  Time since last request: 131314.071342 seconds.
  path: Assets/Samples/XR Interaction Toolkit/2.6.3/Starter Assets/Unity.XR.Interaction.Toolkit.Samples.StarterAssets.asmdef
  artifactKey: Guid(8f07e33567e0ee542b40769c456c6b53) Importer(815301076,1909f56bfc062723c751e8b465ee728b)
Start importing Assets/Samples/XR Interaction Toolkit/2.6.3/Starter Assets/Unity.XR.Interaction.Toolkit.Samples.StarterAssets.asmdef using Guid(8f07e33567e0ee542b40769c456c6b53) Importer(815301076,1909f56bfc062723c751e8b465ee728b) [PhysX] Initialized MultithreadedTaskDispatcher with 10 workers.
 -> (artifact id: '9c3933c01f12beaa92830ad319734519') in 0.001098 seconds
Number of updated asset objects reloaded before import = 0
Number of asset objects unloaded after import = 0
========================================================================
Received Import Request.
  Time since last request: 0.000088 seconds.
  path: Assets/Samples/XR Interaction Toolkit/2.6.3/Starter Assets/XRI Default Input Actions.inputactions
  artifactKey: Guid(c348712bda248c246b8c49b3db54643f) Importer(815301076,1909f56bfc062723c751e8b465ee728b)
Start importing Assets/Samples/XR Interaction Toolkit/2.6.3/Starter Assets/XRI Default Input Actions.inputactions using Guid(c348712bda248c246b8c49b3db54643f) Importer(815301076,1909f56bfc062723c751e8b465ee728b) [PhysX] Initialized MultithreadedTaskDispatcher with 10 workers.
 -> (artifact id: 'ab34c075b7c02db978c08457e078ca30') in 0.016621 seconds
Number of updated asset objects reloaded before import = 0
Number of asset objects unloaded after import = 91
========================================================================
Received Import Request.
  Time since last request: 2.213992 seconds.
  path: Assets/Samples/XR Interaction Toolkit/2.6.3/Starter Assets/Presets/XRI Default Continuous Turn.preset
  artifactKey: Guid(0caad3af14f9a414dbdf25ed41e5aa47) Importer(815301076,1909f56bfc062723c751e8b465ee728b)
Start importing Assets/Samples/XR Interaction Toolkit/2.6.3/Starter Assets/Presets/XRI Default Continuous Turn.preset using Guid(0caad3af14f9a414dbdf25ed41e5aa47) Importer(815301076,1909f56bfc062723c751e8b465ee728b) [PhysX] Initialized MultithreadedTaskDispatcher with 10 workers.
 -> (artifact id: '5066bcc49582cc78c4c9914940009892') in 0.003519 seconds
Number of updated asset objects reloaded before import = 0
Number of asset objects unloaded after import = 5
========================================================================
Received Import Request.
  Time since last request: 0.000193 seconds.
  path: Assets/Samples/XR Interaction Toolkit/2.6.3/Starter Assets/Presets/XRI Default Left Controller.preset
  artifactKey: Guid(ffd8268f7307a0c48a067dad4a8fe060) Importer(815301076,1909f56bfc062723c751e8b465ee728b)
Start importing Assets/Samples/XR Interaction Toolkit/2.6.3/Starter Assets/Presets/XRI Default Left Controller.preset using Guid(ffd8268f7307a0c48a067dad4a8fe060) Importer(815301076,1909f56bfc062723c751e8b465ee728b) [PhysX] Initialized MultithreadedTaskDispatcher with 10 workers.
 -> (artifact id: '631558d83696bf6e9593c4ac239f3efe') in 0.005827 seconds
Number of updated asset objects reloaded before import = 0
Number of asset objects unloaded after import = 20
========================================================================
Received Import Request.
  Time since last request: 0.000072 seconds.
  path: Assets/Samples/XR Interaction Toolkit/2.6.3/Starter Assets/Presets/XRI Default Snap Turn.preset
  artifactKey: Guid(18697d253d848974aa7052cba872c9f0) Importer(815301076,1909f56bfc062723c751e8b465ee728b)
Start importing Assets/Samples/XR Interaction Toolkit/2.6.3/Starter Assets/Presets/XRI Default Snap Turn.preset using Guid(18697d253d848974aa7052cba872c9f0) Importer(815301076,1909f56bfc062723c751e8b465ee728b) [PhysX] Initialized MultithreadedTaskDispatcher with 10 workers.
 -> (artifact id: 'c7a387f28b65f244b9f43c3d4683867b') in 0.001820 seconds
Number of updated asset objects reloaded before import = 0
Number of asset objects unloaded after import = 5
========================================================================
Received Import Request.
  Time since last request: 0.000044 seconds.
  path: Assets/Samples/XR Interaction Toolkit/2.6.3/Starter Assets/Presets/XRI Default Left Grab Move.preset
  artifactKey: Guid(e2e08fffc3edfbb47a429bae0c5a6343) Importer(815301076,1909f56bfc062723c751e8b465ee728b)
Start importing Assets/Samples/XR Interaction Toolkit/2.6.3/Starter Assets/Presets/XRI Default Left Grab Move.preset using Guid(e2e08fffc3edfbb47a429bae0c5a6343) Importer(815301076,1909f56bfc062723c751e8b465ee728b) [PhysX] Initialized MultithreadedTaskDispatcher with 10 workers.
 -> (artifact id: '33370dc34b8a1f3ae28aa397473e76e9') in 0.001702 seconds
Number of updated asset objects reloaded before import = 0
Number of asset objects unloaded after import = 4
========================================================================
Received Import Request.
  Time since last request: 0.000072 seconds.
  path: Assets/Samples/XR Interaction Toolkit/2.6.3/Starter Assets/Presets/XRI Default XR Screen Space Controller.preset
  artifactKey: Guid(d3223012ddb39d24584825882e7ea40b) Importer(815301076,1909f56bfc062723c751e8b465ee728b)
Start importing Assets/Samples/XR Interaction Toolkit/2.6.3/Starter Assets/Presets/XRI Default XR Screen Space Controller.preset using Guid(d3223012ddb39d24584825882e7ea40b) Importer(815301076,1909f56bfc062723c751e8b465ee728b) [PhysX] Initialized MultithreadedTaskDispatcher with 10 workers.
 -> (artifact id: 'de8ac209c48e343c74be6e3588f6e347') in 0.004556 seconds
Number of updated asset objects reloaded before import = 0
Number of asset objects unloaded after import = 12
========================================================================
Received Import Request.
  Time since last request: 0.000060 seconds.
  path: Assets/Samples/XR Interaction Toolkit/2.6.3/Starter Assets/Presets/XRI Default Right Grab Move.preset
  artifactKey: Guid(fdc4f514b7b1e9c4eb39713ad9dd4eba) Importer(815301076,1909f56bfc062723c751e8b465ee728b)
Start importing Assets/Samples/XR Interaction Toolkit/2.6.3/Starter Assets/Presets/XRI Default Right Grab Move.preset using Guid(fdc4f514b7b1e9c4eb39713ad9dd4eba) Importer(815301076,1909f56bfc062723c751e8b465ee728b) [PhysX] Initialized MultithreadedTaskDispatcher with 10 workers.
 -> (artifact id: '52a4e3ab887ee33829fcd5b55130bc97') in 0.001290 seconds
Number of updated asset objects reloaded before import = 0
Number of asset objects unloaded after import = 3
========================================================================
Received Import Request.
  Time since last request: 0.000145 seconds.
  path: Assets/Samples/XR Interaction Toolkit/2.6.3/Starter Assets/Presets/XRI Default Right Controller.preset
  artifactKey: Guid(1421ad86ff3787b4dae70fe9e699a25f) Importer(815301076,1909f56bfc062723c751e8b465ee728b)
Start importing Assets/Samples/XR Interaction Toolkit/2.6.3/Starter Assets/Presets/XRI Default Right Controller.preset using Guid(1421ad86ff3787b4dae70fe9e699a25f) Importer(815301076,1909f56bfc062723c751e8b465ee728b) [PhysX] Initialized MultithreadedTaskDispatcher with 10 workers.
 -> (artifact id: 'd2ecba7751d931ae5b951d17fc629090') in 0.002690 seconds
Number of updated asset objects reloaded before import = 0
Number of asset objects unloaded after import = 19
